<?xml version="1.0" encoding="UTF-8"?>
<!-- Generated by org.testng.reporters.JUnitXMLReporter -->
<testsuite hostname="LAPTOP-UOH00HSH" ignored="0" name="Test" tests="3" failures="0" timestamp="15 Sep 2021 04:24:51 GMT" time="17.275" errors="0">
  <testcase name="facebook" time="9.397" classname="Suiteparellel.Testing2"/>
  <testcase name="google" time="9.584" classname="Suiteparellel.Testing1"/>
  <testcase name="amazon" time="17.25" classname="Suiteparellel.Testing3"/>
</testsuite> <!-- Test -->
