<?xml version="1.0" encoding="UTF-8"?>
<testng-results skipped="0" failed="0" ignored="0" total="3" passed="3">
  <reporter-output>
  </reporter-output>
  <suite name="Suite" duration-ms="17275" started-at="2021-09-15T04:24:33Z" finished-at="2021-09-15T04:24:51Z">
    <groups>
    </groups>
    <test name="Test" duration-ms="17275" started-at="2021-09-15T04:24:33Z" finished-at="2021-09-15T04:24:51Z">
      <class name="Suiteparellel.Testing3">
        <test-method status="PASS" signature="amazon()[pri:0, instance:Suiteparellel.Testing3@6d4b1c02]" name="amazon" duration-ms="17250" started-at="2021-09-15T04:24:33Z" finished-at="2021-09-15T04:24:51Z">
          <reporter-output>
          </reporter-output>
        </test-method> <!-- amazon -->
      </class> <!-- Suiteparellel.Testing3 -->
      <class name="Suiteparellel.Testing2">
        <test-method status="PASS" signature="facebook()[pri:0, instance:Suiteparellel.Testing2@7cd62f43]" name="facebook" duration-ms="9397" started-at="2021-09-15T04:24:33Z" finished-at="2021-09-15T04:24:43Z">
          <reporter-output>
          </reporter-output>
        </test-method> <!-- facebook -->
      </class> <!-- Suiteparellel.Testing2 -->
      <class name="Suiteparellel.Testing1">
        <test-method status="PASS" signature="google()[pri:0, instance:Suiteparellel.Testing1@6a41eaa2]" name="google" duration-ms="9584" started-at="2021-09-15T04:24:33Z" finished-at="2021-09-15T04:24:43Z">
          <reporter-output>
          </reporter-output>
        </test-method> <!-- google -->
      </class> <!-- Suiteparellel.Testing1 -->
    </test> <!-- Test -->
  </suite> <!-- Suite -->
</testng-results>
